<?xml version="1.0" encoding="UTF-8"?>
<testsuite xmlns:xsi="http://www.w3.org/2001/XMLSchema-instance" xsi:noNamespaceSchemaLocation="https://maven.apache.org/surefire/maven-surefire-plugin/xsd/surefire-test-report-3.0.xsd" version="3.0" name="TestSuite" time="22.892" tests="2" errors="0" skipped="0" failures="0">
  <properties>
    <property name="sun.desktop" value="windows"/>
    <property name="awt.toolkit" value="sun.awt.windows.WToolkit"/>
    <property name="file.encoding.pkg" value="sun.io"/>
    <property name="java.specification.version" value="1.8"/>
    <property name="webdriver.chrome.driver" value="C:\Users\srini\.cache\selenium\chromedriver\win32\89.0.4389.23\chromedriver.exe"/>
    <property name="sun.cpu.isalist" value="amd64"/>
    <property name="sun.jnu.encoding" value="Cp1252"/>
    <property name="java.class.path" value="C:\Users\srini\eclipse-workspace\OpenCartApp\target\test-classes;C:\Users\srini\eclipse-workspace\OpenCartApp\target\classes;C:\Users\srini\.m2\repository\org\seleniumhq\selenium\selenium-java\4.0.0-beta-2\selenium-java-4.0.0-beta-2.jar;C:\Users\srini\.m2\repository\org\seleniumhq\selenium\selenium-api\4.0.0-beta-2\selenium-api-4.0.0-beta-2.jar;C:\Users\srini\.m2\repository\org\seleniumhq\selenium\selenium-chrome-driver\4.0.0-beta-2\selenium-chrome-driver-4.0.0-beta-2.jar;C:\Users\srini\.m2\repository\com\google\auto\service\auto-service-annotations\1.0-rc7\auto-service-annotations-1.0-rc7.jar;C:\Users\srini\.m2\repository\com\google\auto\service\auto-service\1.0-rc7\auto-service-1.0-rc7.jar;C:\Users\srini\.m2\repository\com\google\auto\auto-common\0.10\auto-common-0.10.jar;C:\Users\srini\.m2\repository\com\google\guava\guava\30.1-jre\guava-30.1-jre.jar;C:\Users\srini\.m2\repository\com\google\guava\failureaccess\1.0.1\failureaccess-1.0.1.jar;C:\Users\srini\.m2\repository\com\google\guava\listenablefuture\9999.0-empty-to-avoid-conflict-with-guava\listenablefuture-9999.0-empty-to-avoid-conflict-with-guava.jar;C:\Users\srini\.m2\repository\com\google\code\findbugs\jsr305\3.0.2\jsr305-3.0.2.jar;C:\Users\srini\.m2\repository\org\checkerframework\checker-qual\3.5.0\checker-qual-3.5.0.jar;C:\Users\srini\.m2\repository\com\google\errorprone\error_prone_annotations\2.3.4\error_prone_annotations-2.3.4.jar;C:\Users\srini\.m2\repository\com\google\j2objc\j2objc-annotations\1.3\j2objc-annotations-1.3.jar;C:\Users\srini\.m2\repository\org\seleniumhq\selenium\selenium-chromium-driver\4.0.0-beta-2\selenium-chromium-driver-4.0.0-beta-2.jar;C:\Users\srini\.m2\repository\org\seleniumhq\selenium\selenium-devtools\4.0.0-beta-2\selenium-devtools-4.0.0-beta-2.jar;C:\Users\srini\.m2\repository\org\seleniumhq\selenium\selenium-http\4.0.0-beta-2\selenium-http-4.0.0-beta-2.jar;C:\Users\srini\.m2\repository\org\seleniumhq\selenium\selenium-json\4.0.0-beta-2\selenium-json-4.0.0-beta-2.jar;C:\Users\srini\.m2\repository\org\seleniumhq\selenium\selenium-devtools-v85\4.0.0-beta-2\selenium-devtools-v85-4.0.0-beta-2.jar;C:\Users\srini\.m2\repository\org\seleniumhq\selenium\selenium-devtools-v86\4.0.0-beta-2\selenium-devtools-v86-4.0.0-beta-2.jar;C:\Users\srini\.m2\repository\org\seleniumhq\selenium\selenium-devtools-v87\4.0.0-beta-2\selenium-devtools-v87-4.0.0-beta-2.jar;C:\Users\srini\.m2\repository\org\seleniumhq\selenium\selenium-devtools-v88\4.0.0-beta-2\selenium-devtools-v88-4.0.0-beta-2.jar;C:\Users\srini\.m2\repository\org\seleniumhq\selenium\selenium-devtools-v89\4.0.0-beta-2\selenium-devtools-v89-4.0.0-beta-2.jar;C:\Users\srini\.m2\repository\org\seleniumhq\selenium\selenium-edge-driver\4.0.0-beta-2\selenium-edge-driver-4.0.0-beta-2.jar;C:\Users\srini\.m2\repository\org\seleniumhq\selenium\selenium-firefox-driver\4.0.0-beta-2\selenium-firefox-driver-4.0.0-beta-2.jar;C:\Users\srini\.m2\repository\org\seleniumhq\selenium\selenium-firefox-xpi-driver\4.0.0-beta-2\selenium-firefox-xpi-driver-4.0.0-beta-2.jar;C:\Users\srini\.m2\repository\org\seleniumhq\selenium\selenium-ie-driver\4.0.0-beta-2\selenium-ie-driver-4.0.0-beta-2.jar;C:\Users\srini\.m2\repository\org\seleniumhq\selenium\selenium-opera-driver\4.0.0-beta-2\selenium-opera-driver-4.0.0-beta-2.jar;C:\Users\srini\.m2\repository\org\seleniumhq\selenium\selenium-remote-driver\4.0.0-beta-2\selenium-remote-driver-4.0.0-beta-2.jar;C:\Users\srini\.m2\repository\io\netty\netty-buffer\4.1.58.Final\netty-buffer-4.1.58.Final.jar;C:\Users\srini\.m2\repository\io\netty\netty-codec-http\4.1.58.Final\netty-codec-http-4.1.58.Final.jar;C:\Users\srini\.m2\repository\io\netty\netty-codec\4.1.58.Final\netty-codec-4.1.58.Final.jar;C:\Users\srini\.m2\repository\io\netty\netty-handler\4.1.58.Final\netty-handler-4.1.58.Final.jar;C:\Users\srini\.m2\repository\io\netty\netty-common\4.1.58.Final\netty-common-4.1.58.Final.jar;C:\Users\srini\.m2\repository\io\netty\netty-transport-native-epoll\4.1.58.Final\netty-transport-native-epoll-4.1.58.Final.jar;C:\Users\srini\.m2\repository\io\netty\netty-transport-native-kqueue\4.1.58.Final\netty-transport-native-kqueue-4.1.58.Final.jar;C:\Users\srini\.m2\repository\io\netty\netty-transport-native-unix-common\4.1.58.Final\netty-transport-native-unix-common-4.1.58.Final.jar;C:\Users\srini\.m2\repository\io\netty\netty-transport\4.1.58.Final\netty-transport-4.1.58.Final.jar;C:\Users\srini\.m2\repository\io\netty\netty-resolver\4.1.58.Final\netty-resolver-4.1.58.Final.jar;C:\Users\srini\.m2\repository\io\opentelemetry\opentelemetry-api\1.0.0\opentelemetry-api-1.0.0.jar;C:\Users\srini\.m2\repository\io\opentelemetry\opentelemetry-context\1.0.0\opentelemetry-context-1.0.0.jar;C:\Users\srini\.m2\repository\io\opentelemetry\opentelemetry-exporter-logging\1.0.0\opentelemetry-exporter-logging-1.0.0.jar;C:\Users\srini\.m2\repository\io\opentelemetry\opentelemetry-sdk-metrics\1.0.0-alpha\opentelemetry-sdk-metrics-1.0.0-alpha.jar;C:\Users\srini\.m2\repository\io\opentelemetry\opentelemetry-sdk-common\1.0.0\opentelemetry-sdk-common-1.0.0.jar;C:\Users\srini\.m2\repository\io\opentelemetry\opentelemetry-sdk-extension-autoconfigure\1.0.0-alpha\opentelemetry-sdk-extension-autoconfigure-1.0.0-alpha.jar;C:\Users\srini\.m2\repository\io\opentelemetry\opentelemetry-sdk-trace\1.0.0\opentelemetry-sdk-trace-1.0.0.jar;C:\Users\srini\.m2\repository\io\opentelemetry\opentelemetry-api-metrics\1.0.0-alpha\opentelemetry-api-metrics-1.0.0-alpha.jar;C:\Users\srini\.m2\repository\io\opentelemetry\opentelemetry-sdk\1.0.0\opentelemetry-sdk-1.0.0.jar;C:\Users\srini\.m2\repository\io\opentelemetry\opentelemetry-semconv\1.0.0-alpha\opentelemetry-semconv-1.0.0-alpha.jar;C:\Users\srini\.m2\repository\net\bytebuddy\byte-buddy\1.10.19\byte-buddy-1.10.19.jar;C:\Users\srini\.m2\repository\org\apache\commons\commons-exec\1.3\commons-exec-1.3.jar;C:\Users\srini\.m2\repository\org\asynchttpclient\async-http-client\2.12.2\async-http-client-2.12.2.jar;C:\Users\srini\.m2\repository\org\asynchttpclient\async-http-client-netty-utils\2.12.2\async-http-client-netty-utils-2.12.2.jar;C:\Users\srini\.m2\repository\io\netty\netty-codec-socks\4.1.53.Final\netty-codec-socks-4.1.53.Final.jar;C:\Users\srini\.m2\repository\io\netty\netty-handler-proxy\4.1.53.Final\netty-handler-proxy-4.1.53.Final.jar;C:\Users\srini\.m2\repository\io\netty\netty-transport-native-epoll\4.1.53.Final\netty-transport-native-epoll-4.1.53.Final-linux-x86_64.jar;C:\Users\srini\.m2\repository\io\netty\netty-transport-native-kqueue\4.1.53.Final\netty-transport-native-kqueue-4.1.53.Final-osx-x86_64.jar;C:\Users\srini\.m2\repository\com\typesafe\netty\netty-reactive-streams\2.0.4\netty-reactive-streams-2.0.4.jar;C:\Users\srini\.m2\repository\com\sun\activation\jakarta.activation\1.2.2\jakarta.activation-1.2.2.jar;C:\Users\srini\.m2\repository\org\seleniumhq\selenium\selenium-safari-driver\4.0.0-beta-2\selenium-safari-driver-4.0.0-beta-2.jar;C:\Users\srini\.m2\repository\org\seleniumhq\selenium\selenium-support\4.0.0-beta-2\selenium-support-4.0.0-beta-2.jar;C:\Users\srini\.m2\repository\org\testng\testng\7.3.0\testng-7.3.0.jar;C:\Users\srini\.m2\repository\com\beust\jcommander\1.78\jcommander-1.78.jar;C:\Users\srini\.m2\repository\org\apache\ant\ant\1.10.3\ant-1.10.3.jar;C:\Users\srini\.m2\repository\org\apache\ant\ant-launcher\1.10.3\ant-launcher-1.10.3.jar;C:\Users\srini\.m2\repository\junit\junit\4.12\junit-4.12.jar;C:\Users\srini\.m2\repository\org\hamcrest\hamcrest-core\1.3\hamcrest-core-1.3.jar;C:\Users\srini\.m2\repository\com\google\inject\guice\4.2.2\guice-4.2.2-no_aop.jar;C:\Users\srini\.m2\repository\javax\inject\javax.inject\1\javax.inject-1.jar;C:\Users\srini\.m2\repository\aopalliance\aopalliance\1.0\aopalliance-1.0.jar;C:\Users\srini\.m2\repository\org\yaml\snakeyaml\1.21\snakeyaml-1.21.jar;C:\Users\srini\.m2\repository\org\apache\poi\poi\4.1.2\poi-4.1.2.jar;C:\Users\srini\.m2\repository\commons-codec\commons-codec\1.13\commons-codec-1.13.jar;C:\Users\srini\.m2\repository\org\apache\commons\commons-collections4\4.4\commons-collections4-4.4.jar;C:\Users\srini\.m2\repository\org\apache\commons\commons-math3\3.6.1\commons-math3-3.6.1.jar;C:\Users\srini\.m2\repository\com\zaxxer\SparseBitSet\1.2\SparseBitSet-1.2.jar;C:\Users\srini\.m2\repository\org\apache\poi\poi-ooxml\4.1.2\poi-ooxml-4.1.2.jar;C:\Users\srini\.m2\repository\org\apache\poi\poi-ooxml-schemas\4.1.2\poi-ooxml-schemas-4.1.2.jar;C:\Users\srini\.m2\repository\org\apache\xmlbeans\xmlbeans\3.1.0\xmlbeans-3.1.0.jar;C:\Users\srini\.m2\repository\org\apache\commons\commons-compress\1.19\commons-compress-1.19.jar;C:\Users\srini\.m2\repository\com\github\virtuald\curvesapi\1.06\curvesapi-1.06.jar;C:\Users\srini\.m2\repository\org\apache\logging\log4j\log4j-core\2.14.0\log4j-core-2.14.0.jar;C:\Users\srini\.m2\repository\org\apache\logging\log4j\log4j-api\2.14.1\log4j-api-2.14.1.jar;C:\Users\srini\.m2\repository\com\aventstack\extentreports\5.0.7\extentreports-5.0.7.jar;C:\Users\srini\.m2\repository\io\reactivex\rxjava3\rxjava\3.0.4\rxjava-3.0.4.jar;C:\Users\srini\.m2\repository\org\reactivestreams\reactive-streams\1.0.3\reactive-streams-1.0.3.jar;C:\Users\srini\.m2\repository\org\freemarker\freemarker\2.3.30\freemarker-2.3.30.jar;C:\Users\srini\.m2\repository\org\projectlombok\lombok\1.18.12\lombok-1.18.12.jar;C:\Users\srini\.m2\repository\com\google\code\gson\gson\2.8.6\gson-2.8.6.jar;C:\Users\srini\.m2\repository\commons-io\commons-io\2.8.0\commons-io-2.8.0.jar;C:\Users\srini\.m2\repository\org\apache\commons\commons-lang3\3.12.0\commons-lang3-3.12.0.jar;C:\Users\srini\.m2\repository\io\github\bonigarcia\webdrivermanager\4.3.1\webdrivermanager-4.3.1.jar;C:\Users\srini\.m2\repository\org\slf4j\slf4j-api\1.7.30\slf4j-api-1.7.30.jar;C:\Users\srini\.m2\repository\org\apache\httpcomponents\client5\httpclient5\5.0.3\httpclient5-5.0.3.jar;C:\Users\srini\.m2\repository\org\apache\httpcomponents\core5\httpcore5\5.0.2\httpcore5-5.0.2.jar;C:\Users\srini\.m2\repository\org\apache\httpcomponents\core5\httpcore5-h2\5.0.2\httpcore5-h2-5.0.2.jar;C:\Users\srini\.m2\repository\org\rauschig\jarchivelib\1.1.0\jarchivelib-1.1.0.jar;C:\Users\srini\.m2\repository\org\jsoup\jsoup\1.13.1\jsoup-1.13.1.jar;C:\Users\srini\.m2\repository\org\apache\commons\commons-email\1.5\commons-email-1.5.jar;C:\Users\srini\.m2\repository\com\sun\mail\javax.mail\1.5.6\javax.mail-1.5.6.jar;C:\Users\srini\.m2\repository\javax\activation\activation\1.1\activation-1.1.jar;"/>
    <property name="java.vm.vendor" value="Oracle Corporation"/>
    <property name="sun.arch.data.model" value="64"/>
    <property name="user.variant" value=""/>
    <property name="java.vendor.url" value="http://java.oracle.com/"/>
    <property name="user.timezone" value="America/New_York"/>
    <property name="java.vm.specification.version" value="1.8"/>
    <property name="os.name" value="Windows 10"/>
    <property name="user.country" value="US"/>
    <property name="sun.java.launcher" value="SUN_STANDARD"/>
    <property name="sun.boot.library.path" value="C:\Program Files\Java\jdk1.8.0_161\jre\bin"/>
    <property name="sun.java.command" value="C:\Users\srini\AppData\Local\Temp\surefire5469817385393806074\surefirebooter3644059255224180134.jar C:\Users\srini\AppData\Local\Temp\surefire5469817385393806074 2021-04-15T09-08-58_827-jvmRun1 surefire4063010317828978956tmp surefire_06978308754722254081tmp"/>
    <property name="surefire.test.class.path" value="C:\Users\srini\eclipse-workspace\OpenCartApp\target\test-classes;C:\Users\srini\eclipse-workspace\OpenCartApp\target\classes;C:\Users\srini\.m2\repository\org\seleniumhq\selenium\selenium-java\4.0.0-beta-2\selenium-java-4.0.0-beta-2.jar;C:\Users\srini\.m2\repository\org\seleniumhq\selenium\selenium-api\4.0.0-beta-2\selenium-api-4.0.0-beta-2.jar;C:\Users\srini\.m2\repository\org\seleniumhq\selenium\selenium-chrome-driver\4.0.0-beta-2\selenium-chrome-driver-4.0.0-beta-2.jar;C:\Users\srini\.m2\repository\com\google\auto\service\auto-service-annotations\1.0-rc7\auto-service-annotations-1.0-rc7.jar;C:\Users\srini\.m2\repository\com\google\auto\service\auto-service\1.0-rc7\auto-service-1.0-rc7.jar;C:\Users\srini\.m2\repository\com\google\auto\auto-common\0.10\auto-common-0.10.jar;C:\Users\srini\.m2\repository\com\google\guava\guava\30.1-jre\guava-30.1-jre.jar;C:\Users\srini\.m2\repository\com\google\guava\failureaccess\1.0.1\failureaccess-1.0.1.jar;C:\Users\srini\.m2\repository\com\google\guava\listenablefuture\9999.0-empty-to-avoid-conflict-with-guava\listenablefuture-9999.0-empty-to-avoid-conflict-with-guava.jar;C:\Users\srini\.m2\repository\com\google\code\findbugs\jsr305\3.0.2\jsr305-3.0.2.jar;C:\Users\srini\.m2\repository\org\checkerframework\checker-qual\3.5.0\checker-qual-3.5.0.jar;C:\Users\srini\.m2\repository\com\google\errorprone\error_prone_annotations\2.3.4\error_prone_annotations-2.3.4.jar;C:\Users\srini\.m2\repository\com\google\j2objc\j2objc-annotations\1.3\j2objc-annotations-1.3.jar;C:\Users\srini\.m2\repository\org\seleniumhq\selenium\selenium-chromium-driver\4.0.0-beta-2\selenium-chromium-driver-4.0.0-beta-2.jar;C:\Users\srini\.m2\repository\org\seleniumhq\selenium\selenium-devtools\4.0.0-beta-2\selenium-devtools-4.0.0-beta-2.jar;C:\Users\srini\.m2\repository\org\seleniumhq\selenium\selenium-http\4.0.0-beta-2\selenium-http-4.0.0-beta-2.jar;C:\Users\srini\.m2\repository\org\seleniumhq\selenium\selenium-json\4.0.0-beta-2\selenium-json-4.0.0-beta-2.jar;C:\Users\srini\.m2\repository\org\seleniumhq\selenium\selenium-devtools-v85\4.0.0-beta-2\selenium-devtools-v85-4.0.0-beta-2.jar;C:\Users\srini\.m2\repository\org\seleniumhq\selenium\selenium-devtools-v86\4.0.0-beta-2\selenium-devtools-v86-4.0.0-beta-2.jar;C:\Users\srini\.m2\repository\org\seleniumhq\selenium\selenium-devtools-v87\4.0.0-beta-2\selenium-devtools-v87-4.0.0-beta-2.jar;C:\Users\srini\.m2\repository\org\seleniumhq\selenium\selenium-devtools-v88\4.0.0-beta-2\selenium-devtools-v88-4.0.0-beta-2.jar;C:\Users\srini\.m2\repository\org\seleniumhq\selenium\selenium-devtools-v89\4.0.0-beta-2\selenium-devtools-v89-4.0.0-beta-2.jar;C:\Users\srini\.m2\repository\org\seleniumhq\selenium\selenium-edge-driver\4.0.0-beta-2\selenium-edge-driver-4.0.0-beta-2.jar;C:\Users\srini\.m2\repository\org\seleniumhq\selenium\selenium-firefox-driver\4.0.0-beta-2\selenium-firefox-driver-4.0.0-beta-2.jar;C:\Users\srini\.m2\repository\org\seleniumhq\selenium\selenium-firefox-xpi-driver\4.0.0-beta-2\selenium-firefox-xpi-driver-4.0.0-beta-2.jar;C:\Users\srini\.m2\repository\org\seleniumhq\selenium\selenium-ie-driver\4.0.0-beta-2\selenium-ie-driver-4.0.0-beta-2.jar;C:\Users\srini\.m2\repository\org\seleniumhq\selenium\selenium-opera-driver\4.0.0-beta-2\selenium-opera-driver-4.0.0-beta-2.jar;C:\Users\srini\.m2\repository\org\seleniumhq\selenium\selenium-remote-driver\4.0.0-beta-2\selenium-remote-driver-4.0.0-beta-2.jar;C:\Users\srini\.m2\repository\io\netty\netty-buffer\4.1.58.Final\netty-buffer-4.1.58.Final.jar;C:\Users\srini\.m2\repository\io\netty\netty-codec-http\4.1.58.Final\netty-codec-http-4.1.58.Final.jar;C:\Users\srini\.m2\repository\io\netty\netty-codec\4.1.58.Final\netty-codec-4.1.58.Final.jar;C:\Users\srini\.m2\repository\io\netty\netty-handler\4.1.58.Final\netty-handler-4.1.58.Final.jar;C:\Users\srini\.m2\repository\io\netty\netty-common\4.1.58.Final\netty-common-4.1.58.Final.jar;C:\Users\srini\.m2\repository\io\netty\netty-transport-native-epoll\4.1.58.Final\netty-transport-native-epoll-4.1.58.Final.jar;C:\Users\srini\.m2\repository\io\netty\netty-transport-native-kqueue\4.1.58.Final\netty-transport-native-kqueue-4.1.58.Final.jar;C:\Users\srini\.m2\repository\io\netty\netty-transport-native-unix-common\4.1.58.Final\netty-transport-native-unix-common-4.1.58.Final.jar;C:\Users\srini\.m2\repository\io\netty\netty-transport\4.1.58.Final\netty-transport-4.1.58.Final.jar;C:\Users\srini\.m2\repository\io\netty\netty-resolver\4.1.58.Final\netty-resolver-4.1.58.Final.jar;C:\Users\srini\.m2\repository\io\opentelemetry\opentelemetry-api\1.0.0\opentelemetry-api-1.0.0.jar;C:\Users\srini\.m2\repository\io\opentelemetry\opentelemetry-context\1.0.0\opentelemetry-context-1.0.0.jar;C:\Users\srini\.m2\repository\io\opentelemetry\opentelemetry-exporter-logging\1.0.0\opentelemetry-exporter-logging-1.0.0.jar;C:\Users\srini\.m2\repository\io\opentelemetry\opentelemetry-sdk-metrics\1.0.0-alpha\opentelemetry-sdk-metrics-1.0.0-alpha.jar;C:\Users\srini\.m2\repository\io\opentelemetry\opentelemetry-sdk-common\1.0.0\opentelemetry-sdk-common-1.0.0.jar;C:\Users\srini\.m2\repository\io\opentelemetry\opentelemetry-sdk-extension-autoconfigure\1.0.0-alpha\opentelemetry-sdk-extension-autoconfigure-1.0.0-alpha.jar;C:\Users\srini\.m2\repository\io\opentelemetry\opentelemetry-sdk-trace\1.0.0\opentelemetry-sdk-trace-1.0.0.jar;C:\Users\srini\.m2\repository\io\opentelemetry\opentelemetry-api-metrics\1.0.0-alpha\opentelemetry-api-metrics-1.0.0-alpha.jar;C:\Users\srini\.m2\repository\io\opentelemetry\opentelemetry-sdk\1.0.0\opentelemetry-sdk-1.0.0.jar;C:\Users\srini\.m2\repository\io\opentelemetry\opentelemetry-semconv\1.0.0-alpha\opentelemetry-semconv-1.0.0-alpha.jar;C:\Users\srini\.m2\repository\net\bytebuddy\byte-buddy\1.10.19\byte-buddy-1.10.19.jar;C:\Users\srini\.m2\repository\org\apache\commons\commons-exec\1.3\commons-exec-1.3.jar;C:\Users\srini\.m2\repository\org\asynchttpclient\async-http-client\2.12.2\async-http-client-2.12.2.jar;C:\Users\srini\.m2\repository\org\asynchttpclient\async-http-client-netty-utils\2.12.2\async-http-client-netty-utils-2.12.2.jar;C:\Users\srini\.m2\repository\io\netty\netty-codec-socks\4.1.53.Final\netty-codec-socks-4.1.53.Final.jar;C:\Users\srini\.m2\repository\io\netty\netty-handler-proxy\4.1.53.Final\netty-handler-proxy-4.1.53.Final.jar;C:\Users\srini\.m2\repository\io\netty\netty-transport-native-epoll\4.1.53.Final\netty-transport-native-epoll-4.1.53.Final-linux-x86_64.jar;C:\Users\srini\.m2\repository\io\netty\netty-transport-native-kqueue\4.1.53.Final\netty-transport-native-kqueue-4.1.53.Final-osx-x86_64.jar;C:\Users\srini\.m2\repository\com\typesafe\netty\netty-reactive-streams\2.0.4\netty-reactive-streams-2.0.4.jar;C:\Users\srini\.m2\repository\com\sun\activation\jakarta.activation\1.2.2\jakarta.activation-1.2.2.jar;C:\Users\srini\.m2\repository\org\seleniumhq\selenium\selenium-safari-driver\4.0.0-beta-2\selenium-safari-driver-4.0.0-beta-2.jar;C:\Users\srini\.m2\repository\org\seleniumhq\selenium\selenium-support\4.0.0-beta-2\selenium-support-4.0.0-beta-2.jar;C:\Users\srini\.m2\repository\org\testng\testng\7.3.0\testng-7.3.0.jar;C:\Users\srini\.m2\repository\com\beust\jcommander\1.78\jcommander-1.78.jar;C:\Users\srini\.m2\repository\org\apache\ant\ant\1.10.3\ant-1.10.3.jar;C:\Users\srini\.m2\repository\org\apache\ant\ant-launcher\1.10.3\ant-launcher-1.10.3.jar;C:\Users\srini\.m2\repository\junit\junit\4.12\junit-4.12.jar;C:\Users\srini\.m2\repository\org\hamcrest\hamcrest-core\1.3\hamcrest-core-1.3.jar;C:\Users\srini\.m2\repository\com\google\inject\guice\4.2.2\guice-4.2.2-no_aop.jar;C:\Users\srini\.m2\repository\javax\inject\javax.inject\1\javax.inject-1.jar;C:\Users\srini\.m2\repository\aopalliance\aopalliance\1.0\aopalliance-1.0.jar;C:\Users\srini\.m2\repository\org\yaml\snakeyaml\1.21\snakeyaml-1.21.jar;C:\Users\srini\.m2\repository\org\apache\poi\poi\4.1.2\poi-4.1.2.jar;C:\Users\srini\.m2\repository\commons-codec\commons-codec\1.13\commons-codec-1.13.jar;C:\Users\srini\.m2\repository\org\apache\commons\commons-collections4\4.4\commons-collections4-4.4.jar;C:\Users\srini\.m2\repository\org\apache\commons\commons-math3\3.6.1\commons-math3-3.6.1.jar;C:\Users\srini\.m2\repository\com\zaxxer\SparseBitSet\1.2\SparseBitSet-1.2.jar;C:\Users\srini\.m2\repository\org\apache\poi\poi-ooxml\4.1.2\poi-ooxml-4.1.2.jar;C:\Users\srini\.m2\repository\org\apache\poi\poi-ooxml-schemas\4.1.2\poi-ooxml-schemas-4.1.2.jar;C:\Users\srini\.m2\repository\org\apache\xmlbeans\xmlbeans\3.1.0\xmlbeans-3.1.0.jar;C:\Users\srini\.m2\repository\org\apache\commons\commons-compress\1.19\commons-compress-1.19.jar;C:\Users\srini\.m2\repository\com\github\virtuald\curvesapi\1.06\curvesapi-1.06.jar;C:\Users\srini\.m2\repository\org\apache\logging\log4j\log4j-core\2.14.0\log4j-core-2.14.0.jar;C:\Users\srini\.m2\repository\org\apache\logging\log4j\log4j-api\2.14.1\log4j-api-2.14.1.jar;C:\Users\srini\.m2\repository\com\aventstack\extentreports\5.0.7\extentreports-5.0.7.jar;C:\Users\srini\.m2\repository\io\reactivex\rxjava3\rxjava\3.0.4\rxjava-3.0.4.jar;C:\Users\srini\.m2\repository\org\reactivestreams\reactive-streams\1.0.3\reactive-streams-1.0.3.jar;C:\Users\srini\.m2\repository\org\freemarker\freemarker\2.3.30\freemarker-2.3.30.jar;C:\Users\srini\.m2\repository\org\projectlombok\lombok\1.18.12\lombok-1.18.12.jar;C:\Users\srini\.m2\repository\com\google\code\gson\gson\2.8.6\gson-2.8.6.jar;C:\Users\srini\.m2\repository\commons-io\commons-io\2.8.0\commons-io-2.8.0.jar;C:\Users\srini\.m2\repository\org\apache\commons\commons-lang3\3.12.0\commons-lang3-3.12.0.jar;C:\Users\srini\.m2\repository\io\github\bonigarcia\webdrivermanager\4.3.1\webdrivermanager-4.3.1.jar;C:\Users\srini\.m2\repository\org\slf4j\slf4j-api\1.7.30\slf4j-api-1.7.30.jar;C:\Users\srini\.m2\repository\org\apache\httpcomponents\client5\httpclient5\5.0.3\httpclient5-5.0.3.jar;C:\Users\srini\.m2\repository\org\apache\httpcomponents\core5\httpcore5\5.0.2\httpcore5-5.0.2.jar;C:\Users\srini\.m2\repository\org\apache\httpcomponents\core5\httpcore5-h2\5.0.2\httpcore5-h2-5.0.2.jar;C:\Users\srini\.m2\repository\org\rauschig\jarchivelib\1.1.0\jarchivelib-1.1.0.jar;C:\Users\srini\.m2\repository\org\jsoup\jsoup\1.13.1\jsoup-1.13.1.jar;C:\Users\srini\.m2\repository\org\apache\commons\commons-email\1.5\commons-email-1.5.jar;C:\Users\srini\.m2\repository\com\sun\mail\javax.mail\1.5.6\javax.mail-1.5.6.jar;C:\Users\srini\.m2\repository\javax\activation\activation\1.1\activation-1.1.jar;"/>
    <property name="sun.cpu.endian" value="little"/>
    <property name="user.home" value="C:\Users\srini"/>
    <property name="user.language" value="en"/>
    <property name="java.specification.vendor" value="Oracle Corporation"/>
    <property name="java.home" value="C:\Program Files\Java\jdk1.8.0_161\jre"/>
    <property name="basedir" value="C:\Users\srini\eclipse-workspace\OpenCartApp"/>
    <property name="file.separator" value="\"/>
    <property name="line.separator" value="&#10;"/>
    <property name="java.vm.specification.vendor" value="Oracle Corporation"/>
    <property name="java.specification.name" value="Java Platform API Specification"/>
    <property name="java.awt.graphicsenv" value="sun.awt.Win32GraphicsEnvironment"/>
    <property name="surefire.real.class.path" value="C:\Users\srini\AppData\Local\Temp\surefire5469817385393806074\surefirebooter3644059255224180134.jar"/>
    <property name="sun.boot.class.path" value="C:\Program Files\Java\jdk1.8.0_161\jre\lib\resources.jar;C:\Program Files\Java\jdk1.8.0_161\jre\lib\rt.jar;C:\Program Files\Java\jdk1.8.0_161\jre\lib\sunrsasign.jar;C:\Program Files\Java\jdk1.8.0_161\jre\lib\jsse.jar;C:\Program Files\Java\jdk1.8.0_161\jre\lib\jce.jar;C:\Program Files\Java\jdk1.8.0_161\jre\lib\charsets.jar;C:\Program Files\Java\jdk1.8.0_161\jre\lib\jfr.jar;C:\Program Files\Java\jdk1.8.0_161\jre\classes"/>
    <property name="user.script" value=""/>
    <property name="sun.management.compiler" value="HotSpot 64-Bit Tiered Compilers"/>
    <property name="java.runtime.version" value="1.8.0_161-b12"/>
    <property name="user.name" value="srini"/>
    <property name="path.separator" value=";"/>
    <property name="os.version" value="10.0"/>
    <property name="java.endorsed.dirs" value="C:\Program Files\Java\jdk1.8.0_161\jre\lib\endorsed"/>
    <property name="java.runtime.name" value="Java(TM) SE Runtime Environment"/>
    <property name="file.encoding" value="Cp1252"/>
    <property name="sun.nio.ch.bugLevel" value=""/>
    <property name="java.vm.name" value="Java HotSpot(TM) 64-Bit Server VM"/>
    <property name="localRepository" value="C:\Users\srini\.m2\repository"/>
    <property name="java.vendor.url.bug" value="http://bugreport.sun.com/bugreport/"/>
    <property name="java.io.tmpdir" value="C:\Users\srini\AppData\Local\Temp\"/>
    <property name="java.version" value="1.8.0_161"/>
    <property name="user.dir" value="C:\Users\srini\eclipse-workspace\OpenCartApp"/>
    <property name="os.arch" value="amd64"/>
    <property name="java.vm.specification.name" value="Java Virtual Machine Specification"/>
    <property name="java.awt.printerjob" value="sun.awt.windows.WPrinterJob"/>
    <property name="sun.os.patch.level" value=""/>
    <property name="java.library.path" value="C:\Program Files\Java\jdk1.8.0_161\jre\bin;C:\WINDOWS\Sun\Java\bin;C:\WINDOWS\system32;C:\WINDOWS;C:\Program Files (x86)\Common Files\Oracle\Java\javapath;C:\ProgramData\Oracle\Java\javapath;C:\Program Files (x86)\Intel\iCLS Client\;C:\Program Files\Intel\iCLS Client\;C:\WINDOWS\system32;C:\WINDOWS;C:\WINDOWS\System32\Wbem;C:\WINDOWS\System32\WindowsPowerShell\v1.0\;C:\Program Files (x86)\Intel\Intel(R) Management Engine Components\DAL;C:\Program Files\Intel\Intel(R) Management Engine Components\DAL;C:\Program Files (x86)\Intel\Intel(R) Management Engine Components\IPT;C:\Program Files\Intel\Intel(R) Management Engine Components\IPT;C:\Program Files\Java\jdk1.8.0_161\bin;C:\WINDOWS\System32\OpenSSH\;C:\Program Files\Java\jdk1.8.0_161\bin;C:\apache-maven-3.6.3\bin;C:\Users\srini\AppData\Local\Microsoft\WindowsApps;;."/>
    <property name="java.vm.info" value="mixed mode"/>
    <property name="java.vendor" value="Oracle Corporation"/>
    <property name="java.vm.version" value="25.161-b12"/>
    <property name="java.ext.dirs" value="C:\Program Files\Java\jdk1.8.0_161\jre\lib\ext;C:\WINDOWS\Sun\Java\lib\ext"/>
    <property name="sun.io.unicode.encoding" value="UnicodeLittle"/>
    <property name="java.class.version" value="52.0"/>
  </properties>
  <testcase name="test_account_Registration" classname="testCases.TC_001_AccountRegistration" time="6.778">
    <system-out><![CDATA[[TestNGContentHandler] [WARN] It is strongly recommended to add "<!DOCTYPE suite SYSTEM "https://testng.org/testng-1.0.dtd" >" at the top of your file, otherwise TestNG may fail or not work as expected.
]]></system-out>
    <system-err><![CDATA[SLF4J: Failed to load class "org.slf4j.impl.StaticLoggerBinder".
SLF4J: Defaulting to no-operation (NOP) logger implementation
SLF4J: See http://www.slf4j.org/codes.html#StaticLoggerBinder for further details.
Starting ChromeDriver 89.0.4389.23 (61b08ee2c50024bab004e48d2b1b083cdbdac579-refs/branch-heads/4389@{#294}) on port 47400
Only local connections are allowed.
Please see https://chromedriver.chromium.org/security-considerations for suggestions on keeping ChromeDriver safe.
ChromeDriver was started successfully.
Apr 15, 2021 9:09:08 AM org.openqa.selenium.remote.ProtocolHandshake createSession
INFO: Detected dialect: W3C
Apr 15, 2021 9:09:08 AM org.openqa.selenium.devtools.CdpVersionFinder findNearestMatch
INFO: Found exact CDP implementation for version 89
]]></system-err>
  </testcase>
  <testcase name="test_Login" classname="testCases.TC_002_Login" time="6.372">
    <system-err><![CDATA[Starting ChromeDriver 89.0.4389.23 (61b08ee2c50024bab004e48d2b1b083cdbdac579-refs/branch-heads/4389@{#294}) on port 48346
Only local connections are allowed.
Please see https://chromedriver.chromium.org/security-considerations for suggestions on keeping ChromeDriver safe.
ChromeDriver was started successfully.
Apr 15, 2021 9:09:16 AM org.openqa.selenium.remote.ProtocolHandshake createSession
INFO: Detected dialect: W3C
Apr 15, 2021 9:09:16 AM org.openqa.selenium.devtools.CdpVersionFinder findNearestMatch
INFO: Found exact CDP implementation for version 89
]]></system-err>
  </testcase>
</testsuite>