<?xml version="1.0" encoding="UTF-8"?>
<!-- Generated by org.testng.reporters.JUnitReportReporter -->
<testsuite hostname="DESKTOP-78GUNEG" failures="0" tests="1" name="testCases.TC_001_AccountRegistration" time="5.908" errors="0" timestamp="2021-04-15T09:33:15 EDT" skipped="0">
  <testcase classname="testCases.TC_001_AccountRegistration" name="test_account_Registration" time="5.908"/>
  <system-out/>
</testsuite> <!-- testCases.TC_001_AccountRegistration -->
