<?xml version="1.0" encoding="UTF-8"?>
<!-- Generated by org.testng.reporters.JUnitReportReporter -->
<testsuite hostname="DESKTOP-78GUNEG" failures="0" tests="1" name="testCases.TC_002_Login" time="6.938" errors="0" timestamp="2021-04-15T09:31:54 EDT" skipped="0">
  <testcase classname="testCases.TC_002_Login" name="test_Login" time="6.938"/>
  <system-out/>
</testsuite> <!-- testCases.TC_002_Login -->
