<?xml version="1.0" encoding="UTF-8"?>
<!-- Generated by org.testng.reporters.JUnitReportReporter -->
<testsuite hostname="DESKTOP-78GUNEG" failures="0" tests="4" name="testCases.TC_003_LoginDDT" time="40.296" errors="0" timestamp="2021-04-14T21:54:06 EDT" skipped="0">
  <testcase classname="testCases.TC_003_LoginDDT" name="test_LoginDDT" time="11.706"/>
  <system-out/>
  <testcase classname="testCases.TC_003_LoginDDT" name="test_LoginDDT" time="5.073"/>
  <system-out/>
  <testcase classname="testCases.TC_003_LoginDDT" name="test_LoginDDT" time="11.727"/>
  <system-out/>
  <testcase classname="testCases.TC_003_LoginDDT" name="test_LoginDDT" time="11.790"/>
  <system-out/>
</testsuite> <!-- testCases.TC_003_LoginDDT -->
