<?xml version="1.0" encoding="UTF-8"?>
<!-- Generated by org.testng.reporters.JUnitReportReporter -->
<testsuite skipped="0" hostname="DESKTOP-78GUNEG" name="testCases.TC_002_Login" tests="1" failures="0" timestamp="2021-04-15T09:09:23 EDT" time="6.418" errors="0">
  <testcase name="test_Login" time="6.418" classname="testCases.TC_002_Login"/>
  <system-out/>
</testsuite> <!-- testCases.TC_002_Login -->
